<?xml version="1.0" encoding="UTF-8"?>
<testsuite xmlns:xsi="http://www.w3.org/2001/XMLSchema-instance" xsi:noNamespaceSchemaLocation="https://maven.apache.org/surefire/maven-surefire-plugin/xsd/surefire-test-report-3.0.xsd" version="3.0" name="com.intuit.topscorerservice.TopScorerApplicationTests" time="11.925" tests="2" errors="0" skipped="0" failures="0">
  <properties>
[...]
</properties>
  <testcase name="test_ShouldReturnEmptyOnEmptyTable" classname="com.intuit.topscorerservice.TopScorerApplicationTests" time="0.327">
    <system-out><![CDATA[22:44:24.323 [main] INFO  o.s.t.c.s.AnnotationConfigContextLoaderUtils -  - Could not detect default configuration classes for test class [com.intuit.topscorerservice.TopScorerApplicationTests]: TopScorerApplicationTests does not declare any static, non-private, non-final, nested classes annotated with @Configuration.
22:44:24.328 [main] INFO  o.s.b.t.c.SpringBootTestContextBootstrapper -  - Found @SpringBootConfiguration com.intuit.topscorerservice.TopScorerApplication for test class com.intuit.topscorerservice.TopScorerApplicationTests
22:44:24.345 [main] INFO  o.testcontainers.images.PullPolicy -  - Image pull policy will be performed by: DefaultPullPolicy()
22:44:24.346 [main] INFO  o.t.utility.ImageNameSubstitutor -  - Image name substitution will be performed by: DefaultImageNameSubstitutor (composite of 'ConfigurationFileImageNameSubstitutor' and 'PrefixingImageNameSubstitutor')
22:44:24.465 [main] INFO  o.t.d.DockerClientProviderStrategy -  - Loaded org.testcontainers.dockerclient.UnixSocketClientProviderStrategy from ~/.testcontainers.properties, will try it first
22:44:24.628 [main] INFO  o.t.d.DockerClientProviderStrategy -  - Found Docker environment with local Unix socket (unix:///var/run/docker.sock)
22:44:24.628 [main] INFO  o.testcontainers.DockerClientFactory -  - Docker host IP address is localhost
22:44:24.642 [main] INFO  o.testcontainers.DockerClientFactory -  - Connected to docker: 
  Server Version: 26.1.4
  API Version: 1.45
  Operating System: Docker Desktop
  Total Memory: 3922 MB
22:44:24.657 [main] INFO  tc.testcontainers/ryuk:0.7.0 -  - Creating container for image: testcontainers/ryuk:0.7.0
22:44:24.899 [main] INFO  tc.testcontainers/ryuk:0.7.0 -  - Container testcontainers/ryuk:0.7.0 is starting: dc3d1969b73bc2fe4c960dfbcfe715075017d1fe23bd6cfdd01fd7659304f153
22:44:25.475 [main] INFO  tc.testcontainers/ryuk:0.7.0 -  - Container testcontainers/ryuk:0.7.0 started in PT0.818301S
22:44:25.688 [main] INFO  o.t.utility.RyukResourceReaper -  - Ryuk started - will monitor and terminate Testcontainers containers on JVM exit
22:44:25.689 [main] INFO  o.testcontainers.DockerClientFactory -  - Checking the system...
22:44:25.690 [main] INFO  o.testcontainers.DockerClientFactory -  - ✔︎ Docker server version should be at least 1.6.0
22:44:25.691 [main] INFO  tc.redis:6.2.6 -  - Creating container for image: redis:6.2.6
22:44:25.695 [main] INFO  tc.testcontainers/sshd:1.2.0 -  - Creating container for image: testcontainers/sshd:1.2.0
22:44:25.765 [main] INFO  tc.testcontainers/sshd:1.2.0 -  - Container testcontainers/sshd:1.2.0 is starting: fd36962388ded193a910cd4f517df95361829490373158d3af02fa15013c9255
22:44:26.217 [main] INFO  tc.testcontainers/sshd:1.2.0 -  - Container testcontainers/sshd:1.2.0 started in PT0.522539S
22:44:26.379 [main] INFO  tc.redis:6.2.6 -  - Container redis:6.2.6 is starting: c96371d6be8b2fd270952985e0fb864f9126e7b14b470c69b0afac1b87b2e110
22:44:26.664 [main] INFO  tc.redis:6.2.6 -  - Container redis:6.2.6 started in PT0.972639S
22:44:26.664 [main] INFO  tc.postgres:16-alpine -  - Creating container for image: postgres:16-alpine
22:44:26.710 [main] INFO  tc.postgres:16-alpine -  - Container postgres:16-alpine is starting: e21248b03717dd7abdd5f766b5589ca84efdd243d0fcec86bb673869b65eeb15
22:44:28.138 [main] INFO  tc.postgres:16-alpine -  - Container postgres:16-alpine started in PT1.474138S
22:44:28.142 [main] INFO  tc.postgres:16-alpine -  - Container is started (JDBC URL: jdbc:postgresql://localhost:64430/craft_demo?loggerLevel=OFF)
22:44:28.143 [main] INFO  tc.rabbitmq:3.8-management -  - Creating container for image: rabbitmq:3.8-management
22:44:28.196 [main] INFO  tc.rabbitmq:3.8-management -  - Container rabbitmq:3.8-management is starting: 2260249dd1c8ba4bcdd81fd31994faa80ea65cc89746e1b4109a17b9e8041716
22:44:34.346 [main] INFO  tc.rabbitmq:3.8-management -  - Container rabbitmq:3.8-management started in PT6.203121S
22:44:34.356 [main] INFO  c.i.t.data.CreateDbSchema -  - Applying: /Users/vasusharma/IdeaProjects/top-scorer-service/schema/001.sql
22:44:34.358 [main] INFO  org.testcontainers.ext.ScriptUtils -  - Executing database script from 
22:44:34.527 [main] INFO  org.testcontainers.ext.ScriptUtils -  - Executed database script from  in 169 ms.
22:44:34.527 [main] INFO  c.i.t.data.CreateDbSchema -  - Applying: /Users/vasusharma/IdeaProjects/top-scorer-service/schema/002.sql
22:44:34.527 [main] INFO  org.testcontainers.ext.ScriptUtils -  - Executing database script from 
22:44:34.547 [main] INFO  org.testcontainers.ext.ScriptUtils -  - Executed database script from  in 20 ms.

  .   ____          _            __ _ _
 /\\ / ___'_ __ _ _(_)_ __  __ _ \ \ \ \
( ( )\___ | '_ | '_| | '_ \/ _` | \ \ \ \
 \\/  ___)| |_)| | | | | || (_| |  ) ) ) )
  '  |____| .__|_| |_|_| |_\__, | / / / /
 =========|_|==============|___/=/_/_/_/
 :: Spring Boot ::                (v3.2.4)

22:44:34.566 [main] INFO  c.i.t.TopScorerApplicationTests -  - Starting TopScorerApplicationTests using Java 21.0.3 with PID 21003 (started by vasusharma in /Users/vasusharma/IdeaProjects/top-scorer-service)
22:44:34.567 [main] INFO  c.i.t.TopScorerApplicationTests -  - The following 1 profile is active: "integration-test"
22:44:34.884 [main] INFO  o.s.d.r.c.RepositoryConfigurationDelegate -  - Multiple Spring Data modules found, entering strict repository configuration mode
22:44:34.886 [main] INFO  o.s.d.r.c.RepositoryConfigurationDelegate -  - Bootstrapping Spring Data Redis repositories in DEFAULT mode.
22:44:34.898 [main] INFO  o.s.d.r.c.RepositoryConfigurationDelegate -  - Finished Spring Data repository scanning in 5 ms. Found 0 Redis repository interfaces.
22:44:35.054 [main] INFO  o.s.b.w.e.tomcat.TomcatWebServer -  - Tomcat initialized with port 0 (http)
22:44:35.059 [main] INFO  o.a.coyote.http11.Http11NioProtocol -  - Initializing ProtocolHandler ["http-nio-auto-1"]
22:44:35.060 [main] INFO  o.a.catalina.core.StandardService -  - Starting service [Tomcat]
22:44:35.060 [main] INFO  o.a.catalina.core.StandardEngine -  - Starting Servlet engine: [Apache Tomcat/10.1.19]
22:44:35.095 [main] INFO  o.a.c.c.C.[Tomcat].[localhost].[/] -  - Initializing Spring embedded WebApplicationContext
22:44:35.095 [main] INFO  o.s.b.w.s.c.ServletWebServerApplicationContext -  - Root WebApplicationContext: initialization completed in 528 ms
22:44:35.747 [main] INFO  o.s.b.a.e.web.EndpointLinksResolver -  - Exposing 1 endpoint(s) beneath base path '/actuator'
22:44:35.777 [main] INFO  o.a.coyote.http11.Http11NioProtocol -  - Starting ProtocolHandler ["http-nio-auto-1"]
22:44:35.791 [main] INFO  o.s.b.w.e.tomcat.TomcatWebServer -  - Tomcat started on port 64438 (http) with context path ''
22:44:35.793 [main] INFO  o.s.a.r.c.CachingConnectionFactory -  - Attempting to connect to: [localhost:64432]
22:44:35.825 [main] INFO  o.s.a.r.c.CachingConnectionFactory -  - Created new connection: rabbitConnectionFactory#734990c1:0/SimpleConnection@5d186b14 [delegate=amqp://guest@127.0.0.1:64432/, localPort=64439]
22:44:35.829 [main] INFO  o.s.amqp.rabbit.core.RabbitAdmin -  - Auto-declaring a non-durable, auto-delete, or exclusive Queue (player_request_queue) durable:false, auto-delete:false, exclusive:false. It will be redeclared if the broker stops and is restarted while the connection factory is alive, but all messages will be lost.
22:44:35.869 [main] INFO  c.i.t.TopScorerApplicationTests -  - Started TopScorerApplicationTests in 1.319 seconds (process running for 14.09)
22:44:35.913 [task-1] INFO  c.i.t.service.impl.FileObserver -  - observing ./files
22:44:35.952 [http-nio-auto-1-exec-1] INFO  o.a.c.c.C.[Tomcat].[localhost].[/] -  - Initializing Spring DispatcherServlet 'dispatcherServlet'
22:44:35.952 [http-nio-auto-1-exec-1] INFO  o.s.web.servlet.DispatcherServlet -  - Initializing Servlet 'dispatcherServlet'
22:44:35.953 [http-nio-auto-1-exec-1] INFO  o.s.web.servlet.DispatcherServlet -  - Completed initialization in 1 ms
22:44:35.956 [http-nio-auto-1-exec-1] INFO  c.i.t.s.impl.PlayerScoreServiceImpl - requestId=RQd2920d6e999b4c779a352ee43b1c5ad2 - Getting top 5 scores
22:44:36.156 [http-nio-auto-1-exec-1] INFO  c.i.t.service.impl.CacheHandler - requestId=RQd2920d6e999b4c779a352ee43b1c5ad2 - Cache has data size of 0 for key playerScore:game1
22:44:36.163 [http-nio-auto-1-exec-1] INFO  com.zaxxer.hikari.HikariDataSource - requestId=RQd2920d6e999b4c779a352ee43b1c5ad2 - HikariPool-1 - Starting...
22:44:36.211 [http-nio-auto-1-exec-1] INFO  com.zaxxer.hikari.pool.HikariPool - requestId=RQd2920d6e999b4c779a352ee43b1c5ad2 - HikariPool-1 - Added connection org.postgresql.jdbc.PgConnection@7a7b5ae
22:44:36.213 [http-nio-auto-1-exec-1] INFO  com.zaxxer.hikari.HikariDataSource - requestId=RQd2920d6e999b4c779a352ee43b1c5ad2 - HikariPool-1 - Start completed.
22:44:36.238 [http-nio-auto-1-exec-1] INFO  c.i.t.filter.AccessLogFilter -  - {requestTime=283, status_family=2xx, status_code=200, method=get, api_version=v1, uri=/v1/score/id}
]]></system-out>
  </testcase>
  <testcase name="contextLoads" classname="com.intuit.topscorerservice.TopScorerApplicationTests" time="0.002"/>
</testsuite>